#
# A fatal error has been detected by the Java Runtime Environment:
#
#  EXCEPTION_ACCESS_VIOLATION (0xc0000005) at pc=0x00007fff4b88c950, pid=4420, tid=3632
#
# JRE version: OpenJDK Runtime Environment Temurin-17.0.2+8 (17.0.2+8) (build 17.0.2+8)
# Java VM: OpenJDK 64-Bit Server VM Temurin-17.0.2+8 (17.0.2+8, mixed mode, tiered, compressed oops, compressed class ptrs, parallel gc, windows-amd64)
# Problematic frame:
# V  [jvm.dll+0xc950]
#
# No core dump will be written. Minidumps are not enabled by default on client versions of Windows
#
# If you would like to submit a bug report, please visit:
#   https://github.com/adoptium/adoptium-support/issues
#

---------------  S U M M A R Y ------------

Command Line: --add-modules=ALL-SYSTEM --add-opens=java.base/java.util=ALL-UNNAMED --add-opens=java.base/java.lang=ALL-UNNAMED --add-opens=java.base/sun.nio.fs=ALL-UNNAMED -Declipse.application=org.eclipse.jdt.ls.core.id1 -Dosgi.bundles.defaultStartLevel=4 -Declipse.product=org.eclipse.jdt.ls.core.product -Djava.import.generatesMetadataFilesAtProjectRoot=false -Dfile.encoding=utf8 -DwatchParentProcess=false -XX:+UseParallelGC -XX:GCTimeRatio=4 -XX:AdaptiveSizePolicyWeight=90 -Dsun.zip.disableMemoryMapping=true -Xmx1G -Xms100m -XX:+HeapDumpOnOutOfMemoryError -XX:HeapDumpPath=c:\Users\lucas\AppData\Roaming\Code\User\workspaceStorage\d9a5b0b9e6be951c625488e736ce42ee\redhat.java c:\Users\lucas\.vscode\extensions\redhat.java-1.6.0-win32-x64\server\plugins\org.eclipse.equinox.launcher_1.6.400.v20210924-0641.jar -configuration c:\Users\lucas\AppData\Roaming\Code\User\globalStorage\redhat.java\1.6.0\config_win -data c:\Users\lucas\AppData\Roaming\Code\User\workspaceStorage\d9a5b0b9e6be951c625488e736ce42ee\redhat.java\jdt_ws

Host: Intel(R) Core(TM) i3-6006U CPU @ 2.00GHz, 4 cores, 11G,  Windows 10 , 64 bit Build 19041 (10.0.19041.1645)
Time: Fri May 13 21:01:41 2022 Hora oficial do Brasil elapsed time: 3447.304624 seconds (0d 0h 57m 27s)

---------------  T H R E A D  ---------------

Current thread (0x00000261fd0d7fc0):  GCTaskThread "GC Thread#2" [stack: 0x00000087ec200000,0x00000087ec300000] [id=3632]

Stack: [0x00000087ec200000,0x00000087ec300000],  sp=0x00000087ec2ff938,  free space=1022k
Native frames: (J=compiled Java code, j=interpreted, Vv=VM code, C=native code)
V  [jvm.dll+0xc950]


siginfo: EXCEPTION_ACCESS_VIOLATION (0xc0000005), reading address 0xffffffffffffffff


Register to memory mapping:

RIP=0x00007fff4b88c950 jvm.dll
RAX=0x0000ffff00000000 is an unknown value
RBX=
[error occurred during error reporting (printing register info), id 0xc0000005, EXCEPTION_ACCESS_VIOLATION (0xc0000005) at pc=0x00007fff4bf01c83]

Registers:
RAX=0x0000ffff00000000, RBX=0x00000000c6a13ea8, RCX=0x0000000100441b58, RDX=0x00000000c6a13ea8
RSP=0x00000087ec2ff938, RBP=0x00000087ec2ffa40, RSI=0x00000000c6a13e90, RDI=0x00000261fb141e60
R8 =0x0000000100441b58, R9 =0x000000000003509f, R10=0x0000000000000000, R11=0x00000000000000d4
R12=0x0000000000000000, R13=0x0000000000000010, R14=0x0000000100089180, R15=0x00000000c6a13e70
RIP=0x00007fff4b88c950, EFLAGS=0x0000000000010246

Top of Stack: (sp=0x00000087ec2ff938)
0x00000087ec2ff938:   00007fff4bf28892 00000000c6a13e90
0x00000087ec2ff948:   0000000000000003 00000087ec2ffa40
0x00000087ec2ff958:   00007fff4bf276d9 00000261fb141e60
0x00000087ec2ff968:   00007fff4bf261c2 00000000c6a13ea8
0x00000087ec2ff978:   00000001007b4c00 00000000c69ec300
0x00000087ec2ff988:   00007fff4bf2741f 0000000100089178
0x00000087ec2ff998:   00007fff4bf26a0e 00000000c6a13e88
0x00000087ec2ff9a8:   00007fff4bf27f4e 00000000c6a13e58
0x00000087ec2ff9b8:   00000000c6a13e50 00007fff4c3936b0
0x00000087ec2ff9c8:   00007fff4c196b10 0000000000013510
0x00000087ec2ff9d8:   00007fff4bf28289 00007fff4c22e518
0x00000087ec2ff9e8:   00000261fb141e60 00000087ec2ffa49
0x00000087ec2ff9f8:   0000000000013510 00000000c021a3a8
0x00000087ec2ffa08:   00007fff4bf288bd 00000000c69ec098
0x00000087ec2ffa18:   0000000000000003 00000000c038f8ec
0x00000087ec2ffa28:   00007fff4bf27f4e 00000261fb141e60 

Instructions: (pc=0x00007fff4b88c950)
0x00007fff4b88c850:   8b d0 48 85 c0 74 20 48 8b c7 f0 48 0f b1 13 74
0x00007fff4b88c860:   16 48 85 05 60 ae b9 00 74 0d 48 8b c8 f0 48 0f
0x00007fff4b88c870:   b1 13 48 3b c1 75 ea 48 8b 5c 24 30 48 8b c2 48
0x00007fff4b88c880:   83 c4 20 5f c3 cc cc cc cc cc cc cc cc cc cc cc
0x00007fff4b88c890:   4c 8b 01 4c 8b c9 48 8b 0d f3 d0 b4 00 ba 64 60
0x00007fff4b88c8a0:   08 00 e9 c9 f1 ff ff cc cc cc cc cc cc cc cc cc
0x00007fff4b88c8b0:   8b 05 32 1a af 00 c3 cc cc cc cc cc cc cc cc cc
0x00007fff4b88c8c0:   0f b6 05 28 d9 b5 00 48 8b d1 84 c0 74 16 44 8b
0x00007fff4b88c8d0:   41 08 8b 0d 10 1a af 00 49 d3 e0 4c 03 05 fe 19
0x00007fff4b88c8e0:   af 00 eb 04 4c 8b 41 08 45 8b 50 08 45 85 d2 7e
0x00007fff4b88c8f0:   0e 41 f6 c2 01 75 53 41 c1 fa 03 41 8b c2 c3 79
0x00007fff4b88c900:   49 84 c0 b9 10 00 00 00 8b 05 16 29 af 00 41 b8
0x00007fff4b88c910:   0c 00 00 00 41 0f 45 c8 ff c8 4c 63 c8 48 63 14
0x00007fff4b88c920:   11 41 8b ca 83 e1 3f 48 d3 e2 41 8b ca 48 c1 f9
0x00007fff4b88c930:   10 0f b6 c1 49 8d 0c 11 49 f7 d1 48 03 c1 49 c1
0x00007fff4b88c940:   e9 03 48 c1 e8 03 41 23 c1 c3 49 8b 00 49 8b c8
0x00007fff4b88c950:   48 ff a0 00 01 00 00 cc cc cc cc cc cc cc cc cc
0x00007fff4b88c960:   8b 44 24 30 45 03 c9 44 2b 4c 24 28 83 c0 0b 44
0x00007fff4b88c970:   03 ca 45 03 c8 41 03 c1 c3 cc cc cc cc cc cc cc
0x00007fff4b88c980:   4c 8b ca 48 8b d1 45 8b 41 08 45 85 c0 7e 0e 41
0x00007fff4b88c990:   f6 c0 01 75 56 41 c1 f8 03 41 8b c0 c3 79 4c 80
0x00007fff4b88c9a0:   3d 49 d8 b5 00 00 b8 0c 00 00 00 b9 10 00 00 00
0x00007fff4b88c9b0:   0f 45 c8 8b 05 6b 28 af 00 ff c8 4c 63 c8 48 63
0x00007fff4b88c9c0:   14 11 41 8b c8 83 e1 3f 48 d3 e2 41 8b c8 48 c1
0x00007fff4b88c9d0:   f9 10 0f b6 c1 49 8d 0c 11 49 f7 d1 48 03 c1 49
0x00007fff4b88c9e0:   c1 e9 03 48 c1 e8 03 41 23 c1 c3 49 8b 01 49 8b
0x00007fff4b88c9f0:   c9 48 ff a0 00 01 00 00 cc cc cc cc cc cc cc cc
0x00007fff4b88ca00:   48 8b 41 08 0f b7 48 2a 0f b7 40 28 83 c0 48 03
0x00007fff4b88ca10:   c1 c3 cc cc cc cc cc cc cc cc cc cc cc cc cc cc
0x00007fff4b88ca20:   48 89 5c 24 08 57 48 83 ec 20 0f b6 05 7f b4 b9
0x00007fff4b88ca30:   00 48 8b fa 48 8b d9 84 c0 74 4f 48 85 15 86 ac
0x00007fff4b88ca40:   b9 00 74 38 48 8b ca e8 d4 48 85 00 48 8b d0 48 


Stack slot to memory mapping:
stack at sp + 0 slots: 0x00007fff4bf28892 jvm.dll
stack at sp + 1 slots: 0x00000000c6a13e90 is an oop: [B 
{0x00000000c6a13e90} - klass: {type array byte}
 - length: 3
stack at sp + 2 slots: 0x0000000000000003 is an unknown value
stack at sp + 3 slots: 0x00000087ec2ffa40 points into unknown readable memory: 0x00007fff4c22e518 | 18 e5 22 4c ff 7f 00 00
stack at sp + 4 slots: 0x00007fff4bf276d9 jvm.dll
stack at sp + 5 slots: 0x00000261fb141e60 points into unknown readable memory: 0x00000261f4200150 | 50 01 20 f4 61 02 00 00
stack at sp + 6 slots: 0x00007fff4bf261c2 jvm.dll
stack at sp + 7 slots: 
[error occurred during error reporting (inspecting top of stack), id 0xc0000005, EXCEPTION_ACCESS_VIOLATION (0xc0000005) at pc=0x00007fff4bf01c83]


---------------  P R O C E S S  ---------------

Threads class SMR info:
_java_thread_list=0x00000261feea02d0, length=39, elements={
0x00000261f638d560, 0x00000261f646b590, 0x00000261fb1c0500, 0x00000261fb1ea030,
0x00000261fcc20090, 0x00000261fcc21010, 0x00000261fcc218d0, 0x00000261fb1f2cb0,
0x00000261fb1f8a00, 0x00000261fb2174e0, 0x00000261fcd1d250, 0x00000261fcdec950,
0x00000261fd416290, 0x00000261fd407e40, 0x00000261fd408a40, 0x00000261fd66d720,
0x00000261fe79dc90, 0x00000261fe9b30d0, 0x00000261feae7a00, 0x00000261feaea550,
0x00000261feaeaa20, 0x0000026190ec3510, 0x0000026190ec6a00, 0x0000026190ec6530,
0x0000026190ec7d40, 0x0000026190ec26a0, 0x00000261947e65b0, 0x00000261947e48d0,
0x0000026190ec1830, 0x00000261947ea440, 0x00000261feae9bb0, 0x00000261947e7420,
0x0000026190ec1d00, 0x0000026190ec56c0, 0x00000261951d6270, 0x00000261951d0bd0,
0x00000261951d4a60, 0x00000261951d5da0, 0x00000261951d3bf0
}

Java Threads: ( => current thread )
  0x00000261f638d560 JavaThread "main" [_thread_blocked, id=1780, stack(0x00000087eae00000,0x00000087eaf00000)]
  0x00000261f646b590 JavaThread "Reference Handler" daemon [_thread_blocked, id=13236, stack(0x00000087eb100000,0x00000087eb200000)]
  0x00000261fb1c0500 JavaThread "Finalizer" daemon [_thread_blocked, id=8408, stack(0x00000087eb200000,0x00000087eb300000)]
  0x00000261fb1ea030 JavaThread "Signal Dispatcher" daemon [_thread_blocked, id=9128, stack(0x00000087eb300000,0x00000087eb400000)]
  0x00000261fcc20090 JavaThread "Attach Listener" daemon [_thread_blocked, id=12136, stack(0x00000087eb400000,0x00000087eb500000)]
  0x00000261fcc21010 JavaThread "Service Thread" daemon [_thread_blocked, id=13048, stack(0x00000087eb500000,0x00000087eb600000)]
  0x00000261fcc218d0 JavaThread "Monitor Deflation Thread" daemon [_thread_blocked, id=7612, stack(0x00000087eb600000,0x00000087eb700000)]
  0x00000261fb1f2cb0 JavaThread "C2 CompilerThread0" daemon [_thread_blocked, id=8404, stack(0x00000087eb700000,0x00000087eb800000)]
  0x00000261fb1f8a00 JavaThread "C1 CompilerThread0" daemon [_thread_blocked, id=5960, stack(0x00000087eb800000,0x00000087eb900000)]
  0x00000261fb2174e0 JavaThread "Sweeper thread" daemon [_thread_blocked, id=2360, stack(0x00000087eb900000,0x00000087eba00000)]
  0x00000261fcd1d250 JavaThread "Common-Cleaner" daemon [_thread_blocked, id=1356, stack(0x00000087eba00000,0x00000087ebb00000)]
  0x00000261fcdec950 JavaThread "Notification Thread" daemon [_thread_blocked, id=9404, stack(0x00000087ebb00000,0x00000087ebc00000)]
  0x00000261fd416290 JavaThread "Active Thread: Equinox Container: 4b2dbbf3-0e6c-415a-a75c-8573402cc058" [_thread_blocked, id=10148, stack(0x00000087ebe00000,0x00000087ebf00000)]
  0x00000261fd407e40 JavaThread "Framework Event Dispatcher: Equinox Container: 4b2dbbf3-0e6c-415a-a75c-8573402cc058" daemon [_thread_blocked, id=9384, stack(0x00000087ebf00000,0x00000087ec000000)]
  0x00000261fd408a40 JavaThread "Start Level: Equinox Container: 4b2dbbf3-0e6c-415a-a75c-8573402cc058" daemon [_thread_blocked, id=10588, stack(0x00000087ec000000,0x00000087ec100000)]
  0x00000261fd66d720 JavaThread "SCR Component Actor" daemon [_thread_blocked, id=12804, stack(0x00000087ec400000,0x00000087ec500000)]
  0x00000261fe79dc90 JavaThread "Bundle File Closer" daemon [_thread_blocked, id=2992, stack(0x00000087ec500000,0x00000087ec600000)]
  0x00000261fe9b30d0 JavaThread "Worker-JM" [_thread_blocked, id=4472, stack(0x00000087ec600000,0x00000087ec700000)]
  0x00000261feae7a00 JavaThread "Java indexing" daemon [_thread_blocked, id=272, stack(0x00000087ec900000,0x00000087eca00000)]
  0x00000261feaea550 JavaThread "pool-2-thread-1" [_thread_in_native, id=2372, stack(0x00000087ebd00000,0x00000087ebe00000)]
  0x00000261feaeaa20 JavaThread "Refresh Thread: Equinox Container: 4b2dbbf3-0e6c-415a-a75c-8573402cc058" daemon [_thread_blocked, id=9440, stack(0x00000087ecb00000,0x00000087ecc00000)]
  0x0000026190ec3510 JavaThread "ForkJoinPool.commonPool-worker-10" daemon [_thread_blocked, id=7764, stack(0x00000087ead00000,0x00000087eae00000)]
  0x0000026190ec6a00 JavaThread "ForkJoinPool.commonPool-worker-12" daemon [_thread_blocked, id=6772, stack(0x00000087ec800000,0x00000087ec900000)]
  0x0000026190ec6530 JavaThread "ForkJoinPool.commonPool-worker-13" daemon [_thread_blocked, id=4136, stack(0x00000087ec700000,0x00000087ec800000)]
  0x0000026190ec7d40 JavaThread "ForkJoinPool.commonPool-worker-14" daemon [_thread_blocked, id=8108, stack(0x00000087ecd00000,0x00000087ece00000)]
  0x0000026190ec26a0 JavaThread "ForkJoinPool.commonPool-worker-15" daemon [_thread_in_native, id=6480, stack(0x00000087ece00000,0x00000087ecf00000)]
  0x00000261947e65b0 JavaThread "Worker-13" [_thread_blocked, id=3308, stack(0x00000087ecc00000,0x00000087ecd00000)]
  0x00000261947e48d0 JavaThread "ForkJoinPool.commonPool-worker-17" daemon [_thread_blocked, id=5480, stack(0x00000087ed000000,0x00000087ed100000)]
  0x0000026190ec1830 JavaThread "Java Debug Server" daemon [_thread_in_native, id=6048, stack(0x00000087ecf00000,0x00000087ed000000)]
  0x00000261947ea440 JavaThread "RxSchedulerPurge-1" daemon [_thread_blocked, id=12736, stack(0x00000087ed200000,0x00000087ed300000)]
  0x00000261feae9bb0 JavaThread "RxCachedWorkerPoolEvictor-1" daemon [_thread_blocked, id=4540, stack(0x00000087ed300000,0x00000087ed400000)]
  0x00000261947e7420 JavaThread "ForkJoinPool.commonPool-worker-18" daemon [_thread_blocked, id=9080, stack(0x00000087eac00000,0x00000087ead00000)]
  0x0000026190ec1d00 JavaThread "Worker-19" [_thread_blocked, id=10264, stack(0x00000087ed100000,0x00000087ed200000)]
  0x0000026190ec56c0 JavaThread "Worker-20" [_thread_blocked, id=5944, stack(0x00000087eca00000,0x00000087ecb00000)]
  0x00000261951d6270 JavaThread "pool-19-thread-1" [_thread_blocked, id=3392, stack(0x00000087ed400000,0x00000087ed500000)]
  0x00000261951d0bd0 JavaThread "pool-20-thread-1" [_thread_blocked, id=6316, stack(0x00000087ed500000,0x00000087ed600000)]
  0x00000261951d4a60 JavaThread "pool-21-thread-1" [_thread_blocked, id=11832, stack(0x00000087ed600000,0x00000087ed700000)]
  0x00000261951d5da0 JavaThread "pool-22-thread-1" [_thread_blocked, id=3328, stack(0x00000087ed700000,0x00000087ed800000)]
  0x00000261951d3bf0 JavaThread "pool-23-thread-1" [_thread_blocked, id=10452, stack(0x00000087ed800000,0x00000087ed900000)]

Other Threads:
  0x00000261fb1a7470 VMThread "VM Thread" [stack: 0x00000087eb000000,0x00000087eb100000] [id=5008]
  0x00000261fcdece20 WatcherThread [stack: 0x00000087ebc00000,0x00000087ebd00000] [id=10876]
  0x00000261f639e300 GCTaskThread "GC Thread#0" [stack: 0x00000087eaf00000,0x00000087eb000000] [id=8344]
  0x00000261f42fecd0 GCTaskThread "GC Thread#1" [stack: 0x00000087ec100000,0x00000087ec200000] [id=2624]
=>0x00000261fd0d7fc0 GCTaskThread "GC Thread#2" [stack: 0x00000087ec200000,0x00000087ec300000] [id=3632]
  0x00000261fd63dfb0 GCTaskThread "GC Thread#3" [stack: 0x00000087ec300000,0x00000087ec400000] [id=11764]

Threads with active compile tasks:
C2 CompilerThread0  3447328 22352       4       org.eclipse.jdt.internal.codeassist.complete.CompletionParser::resumeOnSyntaxError (47 bytes)

VM state: at safepoint (normal execution)

VM Mutex/Monitor currently owned by a thread:  ([mutex/lock_event])
[0x00000261f6389e50] Threads_lock - owner thread: 0x00000261fb1a7470
[0x00000261f6388a10] Heap_lock - owner thread: 0x0000026190ec6a00

Heap address: 0x00000000c0000000, size: 1024 MB, Compressed Oops mode: 32-bit

CDS archive(s) not mapped
Compressed class space mapped at: 0x0000000100000000-0x0000000140000000, reserved size: 1073741824
Narrow klass base: 0x0000000000000000, Narrow klass shift: 3, Narrow klass range: 0x140000000

GC Precious Log:
 CPUs: 4 total, 4 available
 Memory: 12166M
 Large Page Support: Disabled
 NUMA Support: Disabled
 Compressed Oops: Enabled (32-bit)
 Alignments: Space 512K, Generation 512K, Heap 2M
 Heap Min Capacity: 100M
 Heap Initial Capacity: 100M
 Heap Max Capacity: 1G
 Pre-touch: Disabled
 Parallel Workers: 4

Heap:
 PSYoungGen      total 3584K, used 1440K [0x00000000eab00000, 0x00000000eb000000, 0x0000000100000000)
  eden space 1536K, 0% used [0x00000000eab00000,0x00000000eab00000,0x00000000eac80000)
  from space 2048K, 70% used [0x00000000eac80000,0x00000000eade8000,0x00000000eae80000)
  to   space 1536K, 0% used [0x00000000eae80000,0x00000000eae80000,0x00000000eb000000)
 ParOldGen       total 157696K, used 156092K [0x00000000c0000000, 0x00000000c9a00000, 0x00000000eab00000)
  object space 157696K, 98% used [0x00000000c0000000,0x00000000c986f138,0x00000000c9a00000)
 Metaspace       used 84793K, committed 85760K, reserved 1130496K
  class space    used 8439K, committed 8896K, reserved 1048576K

Card table byte_map: [0x00000261f5d70000,0x00000261f5f80000] _byte_map_base: 0x00000261f5770000

Marking Bits: (ParMarkBitMap*) 0x00007fff4c403af0
 Begin Bits: [0x00000261f9020000, 0x00000261fa020000)
 End Bits:   [0x00000261fa020000, 0x00000261fb020000)

Polling page: 0x00000261f41f0000

Metaspace:

Usage:
  Non-class:     74.56 MB used.
      Class:      8.24 MB used.
       Both:     82.81 MB used.

Virtual space:
  Non-class space:       80.00 MB reserved,      75.06 MB ( 94%) committed,  10 nodes.
      Class space:        1.00 GB reserved,       8.69 MB ( <1%) committed,  1 nodes.
             Both:        1.08 GB reserved,      83.75 MB (  8%) committed. 

Chunk freelists:
   Non-Class:  902.00 KB
       Class:  3.29 MB
        Both:  4.18 MB

MaxMetaspaceSize: unlimited
CompressedClassSpaceSize: 1.00 GB
Initial GC threshold: 21.00 MB
Current GC threshold: 139.38 MB
CDS: off
MetaspaceReclaimPolicy: balanced
 - commit_granule_bytes: 65536.
 - commit_granule_words: 8192.
 - virtual_space_node_default_size: 1048576.
 - enlarge_chunks_in_place: 1.
 - new_chunks_are_fully_committed: 0.
 - uncommit_free_chunks: 1.
 - use_allocation_guard: 0.
 - handle_deallocations: 1.


Internal statistics:

num_allocs_failed_limit: 6.
num_arena_births: 576.
num_arena_deaths: 80.
num_vsnodes_births: 11.
num_vsnodes_deaths: 0.
num_space_committed: 1340.
num_space_uncommitted: 0.
num_chunks_returned_to_freelist: 104.
num_chunks_taken_from_freelist: 3928.
num_chunk_merges: 33.
num_chunk_splits: 2470.
num_chunks_enlarged: 1497.
num_purges: 14.
num_inconsistent_stats: 0.

CodeHeap 'non-profiled nmethods': size=120000Kb used=20551Kb max_used=20551Kb free=99448Kb
 bounds [0x0000026187ad0000, 0x0000026188ef0000, 0x000002618f000000]
CodeHeap 'profiled nmethods': size=120000Kb used=34420Kb max_used=34420Kb free=85579Kb
 bounds [0x00000261805a0000, 0x0000026182750000, 0x0000026187ad0000]
CodeHeap 'non-nmethods': size=5760Kb used=1427Kb max_used=1508Kb free=4332Kb
 bounds [0x0000026180000000, 0x0000026180270000, 0x00000261805a0000]
 total_blobs=16492 nmethods=15711 adapters=689
 compilation: enabled
              stopped_count=0, restarted_count=0
 full_count=0

Compilation events (20 events):
Event: 3443.843 Thread 0x00000261fb1f8a00 22343       3       org.eclipse.jdt.ls.core.internal.corrections.SimilarElementsRequestor::addResult (10 bytes)
Event: 3443.843 Thread 0x00000261fb1f8a00 nmethod 22343 0x000002618255cc10 code [0x000002618255cdc0, 0x000002618255cf88]
Event: 3443.895 Thread 0x00000261fb1f2cb0 nmethod 22342 0x0000026188ed9990 code [0x0000026188ed9be0, 0x0000026188edae70]
Event: 3444.105 Thread 0x00000261fb1f2cb0 22344       4       java.util.LinkedHashMap::clear (15 bytes)
Event: 3444.110 Thread 0x00000261fb1f2cb0 nmethod 22344 0x0000026188edba10 code [0x0000026188edbb80, 0x0000026188edbcb8]
Event: 3444.386 Thread 0x00000261fb1f8a00 22345       3       org.eclipse.jdt.internal.codeassist.complete.CompletionParser::consumeClassHeaderName1 (44 bytes)
Event: 3444.387 Thread 0x00000261fb1f8a00 nmethod 22345 0x000002618255c690 code [0x000002618255c840, 0x000002618255cad8]
Event: 3444.387 Thread 0x00000261fb1f8a00 22346       3       org.eclipse.jdt.internal.codeassist.complete.CompletionParser::classHeaderExtendsOrImplements (382 bytes)
Event: 3444.389 Thread 0x00000261fb1f8a00 nmethod 22346 0x000002618255a690 code [0x000002618255a960, 0x000002618255bf28]
Event: 3446.022 Thread 0x00000261fb1f8a00 22347       3       org.eclipse.jdt.internal.corext.dom.HierarchicalASTVisitor::endVisit (6 bytes)
Event: 3446.022 Thread 0x00000261fb1f8a00 nmethod 22347 0x000002618255a290 code [0x000002618255a420, 0x000002618255a5f8]
Event: 3446.678 Thread 0x00000261fb1f8a00 22348       1       org.eclipse.lsp4j.CompletionParams::getContext (5 bytes)
Event: 3446.678 Thread 0x00000261fb1f8a00 nmethod 22348 0x0000026188edbd90 code [0x0000026188edbf20, 0x0000026188edbff8]
Event: 3446.691 Thread 0x00000261fb1f8a00 22349       1       org.eclipse.jdt.ls.core.internal.contentassist.SnippetCompletionProposal$SnippetCompletionContext::getCompilationUnit (5 bytes)
Event: 3446.691 Thread 0x00000261fb1f8a00 nmethod 22349 0x0000026188edc090 code [0x0000026188edc220, 0x0000026188edc2f8]
Event: 3446.905 Thread 0x00000261fb1f2cb0 22350   !   4       org.eclipse.jdt.internal.core.util.PublicScanner::getNextToken (3997 bytes)
Event: 3447.119 Thread 0x00000261fb1f8a00 22351   !   3       org.eclipse.core.internal.resources.Workspace::getResourceInfo (108 bytes)
Event: 3447.120 Thread 0x00000261fb1f8a00 nmethod 22351 0x0000026182559290 code [0x00000261825594e0, 0x0000026182559e38]
Event: 3447.121 Thread 0x00000261fb1f2cb0 nmethod 22350 0x0000026188edc390 code [0x0000026188edcc60, 0x0000026188edfcb0]
Event: 3447.227 Thread 0x00000261fb1f2cb0 22352       4       org.eclipse.jdt.internal.codeassist.complete.CompletionParser::resumeOnSyntaxError (47 bytes)

GC Heap History (20 events):
Event: 3444.447 GC heap after
{Heap after GC invocations=5724 (full 120):
 PSYoungGen      total 2048K, used 224K [0x00000000eab00000, 0x00000000eaf80000, 0x0000000100000000)
  eden space 1536K, 0% used [0x00000000eab00000,0x00000000eab00000,0x00000000eac80000)
  from space 512K, 43% used [0x00000000eaf00000,0x00000000eaf38000,0x00000000eaf80000)
  to   space 1024K, 0% used [0x00000000ead80000,0x00000000ead80000,0x00000000eae80000)
 ParOldGen       total 157696K, used 152025K [0x00000000c0000000, 0x00000000c9a00000, 0x00000000eab00000)
  object space 157696K, 96% used [0x00000000c0000000,0x00000000c9476728,0x00000000c9a00000)
 Metaspace       used 84792K, committed 85760K, reserved 1130496K
  class space    used 8439K, committed 8896K, reserved 1048576K
}
Event: 3446.013 GC heap before
{Heap before GC invocations=5725 (full 120):
 PSYoungGen      total 2048K, used 1760K [0x00000000eab00000, 0x00000000eaf80000, 0x0000000100000000)
  eden space 1536K, 100% used [0x00000000eab00000,0x00000000eac80000,0x00000000eac80000)
  from space 512K, 43% used [0x00000000eaf00000,0x00000000eaf38000,0x00000000eaf80000)
  to   space 1024K, 0% used [0x00000000ead80000,0x00000000ead80000,0x00000000eae80000)
 ParOldGen       total 157696K, used 152025K [0x00000000c0000000, 0x00000000c9a00000, 0x00000000eab00000)
  object space 157696K, 96% used [0x00000000c0000000,0x00000000c9476728,0x00000000c9a00000)
 Metaspace       used 84792K, committed 85760K, reserved 1130496K
  class space    used 8439K, committed 8896K, reserved 1048576K
}
Event: 3446.015 GC heap after
{Heap after GC invocations=5725 (full 120):
 PSYoungGen      total 2560K, used 128K [0x00000000eab00000, 0x00000000eaf80000, 0x0000000100000000)
  eden space 1536K, 0% used [0x00000000eab00000,0x00000000eab00000,0x00000000eac80000)
  from space 1024K, 12% used [0x00000000ead80000,0x00000000eada0000,0x00000000eae80000)
  to   space 512K, 0% used [0x00000000eaf00000,0x00000000eaf00000,0x00000000eaf80000)
 ParOldGen       total 157696K, used 152174K [0x00000000c0000000, 0x00000000c9a00000, 0x00000000eab00000)
  object space 157696K, 96% used [0x00000000c0000000,0x00000000c949bb28,0x00000000c9a00000)
 Metaspace       used 84792K, committed 85760K, reserved 1130496K
  class space    used 8439K, committed 8896K, reserved 1048576K
}
Event: 3446.681 GC heap before
{Heap before GC invocations=5726 (full 120):
 PSYoungGen      total 2560K, used 1664K [0x00000000eab00000, 0x00000000eaf80000, 0x0000000100000000)
  eden space 1536K, 100% used [0x00000000eab00000,0x00000000eac80000,0x00000000eac80000)
  from space 1024K, 12% used [0x00000000ead80000,0x00000000eada0000,0x00000000eae80000)
  to   space 512K, 0% used [0x00000000eaf00000,0x00000000eaf00000,0x00000000eaf80000)
 ParOldGen       total 157696K, used 152174K [0x00000000c0000000, 0x00000000c9a00000, 0x00000000eab00000)
  object space 157696K, 96% used [0x00000000c0000000,0x00000000c949bb28,0x00000000c9a00000)
 Metaspace       used 84793K, committed 85760K, reserved 1130496K
  class space    used 8439K, committed 8896K, reserved 1048576K
}
Event: 3446.683 GC heap after
{Heap after GC invocations=5726 (full 120):
 PSYoungGen      total 2048K, used 160K [0x00000000eab00000, 0x00000000eaf80000, 0x0000000100000000)
  eden space 1536K, 0% used [0x00000000eab00000,0x00000000eab00000,0x00000000eac80000)
  from space 512K, 31% used [0x00000000eaf00000,0x00000000eaf28000,0x00000000eaf80000)
  to   space 512K, 0% used [0x00000000eae80000,0x00000000eae80000,0x00000000eaf00000)
 ParOldGen       total 157696K, used 152190K [0x00000000c0000000, 0x00000000c9a00000, 0x00000000eab00000)
  object space 157696K, 96% used [0x00000000c0000000,0x00000000c949fb28,0x00000000c9a00000)
 Metaspace       used 84793K, committed 85760K, reserved 1130496K
  class space    used 8439K, committed 8896K, reserved 1048576K
}
Event: 3446.754 GC heap before
{Heap before GC invocations=5727 (full 120):
 PSYoungGen      total 2048K, used 1695K [0x00000000eab00000, 0x00000000eaf80000, 0x0000000100000000)
  eden space 1536K, 99% used [0x00000000eab00000,0x00000000eac7fff0,0x00000000eac80000)
  from space 512K, 31% used [0x00000000eaf00000,0x00000000eaf28000,0x00000000eaf80000)
  to   space 512K, 0% used [0x00000000eae80000,0x00000000eae80000,0x00000000eaf00000)
 ParOldGen       total 157696K, used 152190K [0x00000000c0000000, 0x00000000c9a00000, 0x00000000eab00000)
  object space 157696K, 96% used [0x00000000c0000000,0x00000000c949fb28,0x00000000c9a00000)
 Metaspace       used 84793K, committed 85760K, reserved 1130496K
  class space    used 8439K, committed 8896K, reserved 1048576K
}
Event: 3446.756 GC heap after
{Heap after GC invocations=5727 (full 120):
 PSYoungGen      total 2048K, used 496K [0x00000000eab00000, 0x00000000eaf80000, 0x0000000100000000)
  eden space 1536K, 0% used [0x00000000eab00000,0x00000000eab00000,0x00000000eac80000)
  from space 512K, 96% used [0x00000000eae80000,0x00000000eaefc010,0x00000000eaf00000)
  to   space 512K, 0% used [0x00000000eaf00000,0x00000000eaf00000,0x00000000eaf80000)
 ParOldGen       total 157696K, used 152477K [0x00000000c0000000, 0x00000000c9a00000, 0x00000000eab00000)
  object space 157696K, 96% used [0x00000000c0000000,0x00000000c94e7668,0x00000000c9a00000)
 Metaspace       used 84793K, committed 85760K, reserved 1130496K
  class space    used 8439K, committed 8896K, reserved 1048576K
}
Event: 3447.111 GC heap before
{Heap before GC invocations=5728 (full 120):
 PSYoungGen      total 2048K, used 2032K [0x00000000eab00000, 0x00000000eaf80000, 0x0000000100000000)
  eden space 1536K, 100% used [0x00000000eab00000,0x00000000eac80000,0x00000000eac80000)
  from space 512K, 96% used [0x00000000eae80000,0x00000000eaefc010,0x00000000eaf00000)
  to   space 512K, 0% used [0x00000000eaf00000,0x00000000eaf00000,0x00000000eaf80000)
 ParOldGen       total 157696K, used 152477K [0x00000000c0000000, 0x00000000c9a00000, 0x00000000eab00000)
  object space 157696K, 96% used [0x00000000c0000000,0x00000000c94e7668,0x00000000c9a00000)
 Metaspace       used 84793K, committed 85760K, reserved 1130496K
  class space    used 8439K, committed 8896K, reserved 1048576K
}
Event: 3447.114 GC heap after
{Heap after GC invocations=5728 (full 120):
 PSYoungGen      total 2048K, used 496K [0x00000000eab00000, 0x00000000eaf80000, 0x0000000100000000)
  eden space 1536K, 0% used [0x00000000eab00000,0x00000000eab00000,0x00000000eac80000)
  from space 512K, 96% used [0x00000000eaf00000,0x00000000eaf7c010,0x00000000eaf80000)
  to   space 1024K, 0% used [0x00000000ead80000,0x00000000ead80000,0x00000000eae80000)
 ParOldGen       total 157696K, used 152938K [0x00000000c0000000, 0x00000000c9a00000, 0x00000000eab00000)
  object space 157696K, 96% used [0x00000000c0000000,0x00000000c955ab08,0x00000000c9a00000)
 Metaspace       used 84793K, committed 85760K, reserved 1130496K
  class space    used 8439K, committed 8896K, reserved 1048576K
}
Event: 3447.174 GC heap before
{Heap before GC invocations=5729 (full 120):
 PSYoungGen      total 2048K, used 2031K [0x00000000eab00000, 0x00000000eaf80000, 0x0000000100000000)
  eden space 1536K, 99% used [0x00000000eab00000,0x00000000eac7ff98,0x00000000eac80000)
  from space 512K, 96% used [0x00000000eaf00000,0x00000000eaf7c010,0x00000000eaf80000)
  to   space 1024K, 0% used [0x00000000ead80000,0x00000000ead80000,0x00000000eae80000)
 ParOldGen       total 157696K, used 152938K [0x00000000c0000000, 0x00000000c9a00000, 0x00000000eab00000)
  object space 157696K, 96% used [0x00000000c0000000,0x00000000c955ab08,0x00000000c9a00000)
 Metaspace       used 84793K, committed 85760K, reserved 1130496K
  class space    used 8439K, committed 8896K, reserved 1048576K
}
Event: 3447.176 GC heap after
{Heap after GC invocations=5729 (full 120):
 PSYoungGen      total 2560K, used 96K [0x00000000eab00000, 0x00000000eaf80000, 0x0000000100000000)
  eden space 1536K, 0% used [0x00000000eab00000,0x00000000eab00000,0x00000000eac80000)
  from space 1024K, 9% used [0x00000000ead80000,0x00000000ead98000,0x00000000eae80000)
  to   space 512K, 0% used [0x00000000eaf00000,0x00000000eaf00000,0x00000000eaf80000)
 ParOldGen       total 157696K, used 152970K [0x00000000c0000000, 0x00000000c9a00000, 0x00000000eab00000)
  object space 157696K, 97% used [0x00000000c0000000,0x00000000c9562b08,0x00000000c9a00000)
 Metaspace       used 84793K, committed 85760K, reserved 1130496K
  class space    used 8439K, committed 8896K, reserved 1048576K
}
Event: 3447.223 GC heap before
{Heap before GC invocations=5730 (full 120):
 PSYoungGen      total 2560K, used 1632K [0x00000000eab00000, 0x00000000eaf80000, 0x0000000100000000)
  eden space 1536K, 100% used [0x00000000eab00000,0x00000000eac80000,0x00000000eac80000)
  from space 1024K, 9% used [0x00000000ead80000,0x00000000ead98000,0x00000000eae80000)
  to   space 512K, 0% used [0x00000000eaf00000,0x00000000eaf00000,0x00000000eaf80000)
 ParOldGen       total 157696K, used 152970K [0x00000000c0000000, 0x00000000c9a00000, 0x00000000eab00000)
  object space 157696K, 97% used [0x00000000c0000000,0x00000000c9562b08,0x00000000c9a00000)
 Metaspace       used 84793K, committed 85760K, reserved 1130496K
  class space    used 8439K, committed 8896K, reserved 1048576K
}
Event: 3447.226 GC heap after
{Heap after GC invocations=5730 (full 120):
 PSYoungGen      total 2048K, used 512K [0x00000000eab00000, 0x00000000eaf80000, 0x0000000100000000)
  eden space 1536K, 0% used [0x00000000eab00000,0x00000000eab00000,0x00000000eac80000)
  from space 512K, 100% used [0x00000000eaf00000,0x00000000eaf80000,0x00000000eaf80000)
  to   space 1024K, 0% used [0x00000000ead80000,0x00000000ead80000,0x00000000eae80000)
 ParOldGen       total 157696K, used 152994K [0x00000000c0000000, 0x00000000c9a00000, 0x00000000eab00000)
  object space 157696K, 97% used [0x00000000c0000000,0x00000000c9568b08,0x00000000c9a00000)
 Metaspace       used 84793K, committed 85760K, reserved 1130496K
  class space    used 8439K, committed 8896K, reserved 1048576K
}
Event: 3447.233 GC heap before
{Heap before GC invocations=5731 (full 120):
 PSYoungGen      total 2048K, used 2048K [0x00000000eab00000, 0x00000000eaf80000, 0x0000000100000000)
  eden space 1536K, 100% used [0x00000000eab00000,0x00000000eac80000,0x00000000eac80000)
  from space 512K, 100% used [0x00000000eaf00000,0x00000000eaf80000,0x00000000eaf80000)
  to   space 1024K, 0% used [0x00000000ead80000,0x00000000ead80000,0x00000000eae80000)
 ParOldGen       total 157696K, used 152994K [0x00000000c0000000, 0x00000000c9a00000, 0x00000000eab00000)
  object space 157696K, 97% used [0x00000000c0000000,0x00000000c9568b08,0x00000000c9a00000)
 Metaspace       used 84793K, committed 85760K, reserved 1130496K
  class space    used 8439K, committed 8896K, reserved 1048576K
}
Event: 3447.236 GC heap after
{Heap after GC invocations=5731 (full 120):
 PSYoungGen      total 2560K, used 1021K [0x00000000eab00000, 0x00000000eb080000, 0x0000000100000000)
  eden space 1536K, 0% used [0x00000000eab00000,0x00000000eab00000,0x00000000eac80000)
  from space 1024K, 99% used [0x00000000ead80000,0x00000000eae7f750,0x00000000eae80000)
  to   space 2048K, 0% used [0x00000000eae80000,0x00000000eae80000,0x00000000eb080000)
 ParOldGen       total 157696K, used 153566K [0x00000000c0000000, 0x00000000c9a00000, 0x00000000eab00000)
  object space 157696K, 97% used [0x00000000c0000000,0x00000000c95f79e8,0x00000000c9a00000)
 Metaspace       used 84793K, committed 85760K, reserved 1130496K
  class space    used 8439K, committed 8896K, reserved 1048576K
}
Event: 3447.244 GC heap before
{Heap before GC invocations=5732 (full 120):
 PSYoungGen      total 2560K, used 2557K [0x00000000eab00000, 0x00000000eb080000, 0x0000000100000000)
  eden space 1536K, 100% used [0x00000000eab00000,0x00000000eac80000,0x00000000eac80000)
  from space 1024K, 99% used [0x00000000ead80000,0x00000000eae7f750,0x00000000eae80000)
  to   space 2048K, 0% used [0x00000000eae80000,0x00000000eae80000,0x00000000eb080000)
 ParOldGen       total 157696K, used 153566K [0x00000000c0000000, 0x00000000c9a00000, 0x00000000eab00000)
  object space 157696K, 97% used [0x00000000c0000000,0x00000000c95f79e8,0x00000000c9a00000)
 Metaspace       used 84793K, committed 85760K, reserved 1130496K
  class space    used 8439K, committed 8896K, reserved 1048576K
}
Event: 3447.248 GC heap after
{Heap after GC invocations=5732 (full 120):
 PSYoungGen      total 3584K, used 1536K [0x00000000eab00000, 0x00000000eb080000, 0x0000000100000000)
  eden space 1536K, 0% used [0x00000000eab00000,0x00000000eab00000,0x00000000eac80000)
  from space 2048K, 75% used [0x00000000eae80000,0x00000000eb000000,0x00000000eb080000)
  to   space 2048K, 0% used [0x00000000eac80000,0x00000000eac80000,0x00000000eae80000)
 ParOldGen       total 157696K, used 154572K [0x00000000c0000000, 0x00000000c9a00000, 0x00000000eab00000)
  object space 157696K, 98% used [0x00000000c0000000,0x00000000c96f3138,0x00000000c9a00000)
 Metaspace       used 84793K, committed 85760K, reserved 1130496K
  class space    used 8439K, committed 8896K, reserved 1048576K
}
Event: 3447.257 GC heap before
{Heap before GC invocations=5733 (full 120):
 PSYoungGen      total 3584K, used 3072K [0x00000000eab00000, 0x00000000eb080000, 0x0000000100000000)
  eden space 1536K, 100% used [0x00000000eab00000,0x00000000eac80000,0x00000000eac80000)
  from space 2048K, 75% used [0x00000000eae80000,0x00000000eb000000,0x00000000eb080000)
  to   space 2048K, 0% used [0x00000000eac80000,0x00000000eac80000,0x00000000eae80000)
 ParOldGen       total 157696K, used 154572K [0x00000000c0000000, 0x00000000c9a00000, 0x00000000eab00000)
  object space 157696K, 98% used [0x00000000c0000000,0x00000000c96f3138,0x00000000c9a00000)
 Metaspace       used 84793K, committed 85760K, reserved 1130496K
  class space    used 8439K, committed 8896K, reserved 1048576K
}
Event: 3447.261 GC heap after
{Heap after GC invocations=5733 (full 120):
 PSYoungGen      total 3584K, used 1440K [0x00000000eab00000, 0x00000000eb000000, 0x0000000100000000)
  eden space 1536K, 0% used [0x00000000eab00000,0x00000000eab00000,0x00000000eac80000)
  from space 2048K, 70% used [0x00000000eac80000,0x00000000eade8000,0x00000000eae80000)
  to   space 1536K, 0% used [0x00000000eae80000,0x00000000eae80000,0x00000000eb000000)
 ParOldGen       total 157696K, used 156092K [0x00000000c0000000, 0x00000000c9a00000, 0x00000000eab00000)
  object space 157696K, 98% used [0x00000000c0000000,0x00000000c986f138,0x00000000c9a00000)
 Metaspace       used 84793K, committed 85760K, reserved 1130496K
  class space    used 8439K, committed 8896K, reserved 1048576K
}
Event: 3447.261 GC heap before
{Heap before GC invocations=5734 (full 121):
 PSYoungGen      total 3584K, used 1440K [0x00000000eab00000, 0x00000000eb000000, 0x0000000100000000)
  eden space 1536K, 0% used [0x00000000eab00000,0x00000000eab00000,0x00000000eac80000)
  from space 2048K, 70% used [0x00000000eac80000,0x00000000eade8000,0x00000000eae80000)
  to   space 1536K, 0% used [0x00000000eae80000,0x00000000eae80000,0x00000000eb000000)
 ParOldGen       total 157696K, used 156092K [0x00000000c0000000, 0x00000000c9a00000, 0x00000000eab00000)
  object space 157696K, 98% used [0x00000000c0000000,0x00000000c986f138,0x00000000c9a00000)
 Metaspace       used 84793K, committed 85760K, reserved 1130496K
  class space    used 8439K, committed 8896K, reserved 1048576K
}

Deoptimization events (20 events):
Event: 3440.541 Thread 0x00000261951d3250 DEOPT PACKING pc=0x0000026187c73a70 sp=0x00000087ed9fe570
Event: 3440.541 Thread 0x00000261951d3250 DEOPT UNPACKING pc=0x00000261800520a3 sp=0x00000087ed9fe520 mode 2
Event: 3440.587 Thread 0x00000261951d3250 Uncommon trap: trap_request=0xffffffde fr.pc=0x0000026188346920 relative=0x0000000000000200
Event: 3440.587 Thread 0x00000261951d3250 Uncommon trap: reason=class_check action=maybe_recompile pc=0x0000026188346920 method=java.io.BufferedOutputStream.flush()V @ 8 c2
Event: 3440.587 Thread 0x00000261951d3250 DEOPT PACKING pc=0x0000026188346920 sp=0x00000087ed9feaa0
Event: 3440.587 Thread 0x00000261951d3250 DEOPT UNPACKING pc=0x00000261800520a3 sp=0x00000087ed9fea50 mode 2
Event: 3441.572 Thread 0x00000261951d3250 DEOPT PACKING pc=0x000002618241ba61 sp=0x00000087ed9fe1c0
Event: 3441.572 Thread 0x00000261951d3250 DEOPT UNPACKING pc=0x0000026180052843 sp=0x00000087ed9fd648 mode 0
Event: 3446.679 Thread 0x0000026190ec6a00 Uncommon trap: trap_request=0xffffffde fr.pc=0x00000261889e3674 relative=0x00000000000023d4
Event: 3446.679 Thread 0x0000026190ec6a00 Uncommon trap: reason=class_check action=maybe_recompile pc=0x00000261889e3674 method=org.eclipse.jdt.internal.compiler.parser.Parser.consumeEnterVariable()V @ 436 c2
Event: 3446.679 Thread 0x0000026190ec6a00 DEOPT PACKING pc=0x00000261889e3674 sp=0x00000087ec8fe6a0
Event: 3446.679 Thread 0x0000026190ec6a00 DEOPT UNPACKING pc=0x00000261800520a3 sp=0x00000087ec8fe648 mode 2
Event: 3446.679 Thread 0x0000026190ec6a00 Uncommon trap: trap_request=0xffffffde fr.pc=0x00000261888d52ac relative=0x000000000000010c
Event: 3446.679 Thread 0x0000026190ec6a00 Uncommon trap: reason=class_check action=maybe_recompile pc=0x00000261888d52ac method=org.eclipse.jdt.internal.compiler.parser.Parser.updateSourceDeclarationParts(I)V @ 89 c2
Event: 3446.679 Thread 0x0000026190ec6a00 DEOPT PACKING pc=0x00000261888d52ac sp=0x00000087ec8fe720
Event: 3446.679 Thread 0x0000026190ec6a00 DEOPT UNPACKING pc=0x00000261800520a3 sp=0x00000087ec8fe698 mode 2
Event: 3447.110 Thread 0x0000026190ec6a00 Uncommon trap: trap_request=0xffffff45 fr.pc=0x0000026187e1d94c relative=0x0000000000000d8c
Event: 3447.110 Thread 0x0000026190ec6a00 Uncommon trap: reason=unstable_if action=reinterpret pc=0x0000026187e1d94c method=org.eclipse.core.internal.watson.ElementTree.getElementData(Lorg/eclipse/core/runtime/IPath;)Ljava/lang/Object; @ 17 c2
Event: 3447.110 Thread 0x0000026190ec6a00 DEOPT PACKING pc=0x0000026187e1d94c sp=0x00000087ec8fe400
Event: 3447.110 Thread 0x0000026190ec6a00 DEOPT UNPACKING pc=0x00000261800520a3 sp=0x00000087ec8fe388 mode 2

Classes unloaded (20 events):
Event: 1262.327 Thread 0x00000261fb1a7470 Unloading class 0x0000000100128c00 'jdk/internal/reflect/GeneratedMethodAccessor4'
Event: 1262.327 Thread 0x00000261fb1a7470 Unloading class 0x0000000100128800 'jdk/internal/reflect/GeneratedMethodAccessor3'
Event: 1262.327 Thread 0x00000261fb1a7470 Unloading class 0x0000000100128400 'jdk/internal/reflect/GeneratedMethodAccessor2'
Event: 1262.327 Thread 0x00000261fb1a7470 Unloading class 0x0000000100128000 'jdk/internal/reflect/GeneratedMethodAccessor1'
Event: 1262.327 Thread 0x00000261fb1a7470 Unloading class 0x000000010011a400 'java/lang/invoke/LambdaForm$DMH+0x000000010011a400'
Event: 1262.327 Thread 0x00000261fb1a7470 Unloading class 0x0000000100119c00 'java/lang/invoke/LambdaForm$DMH+0x0000000100119c00'
Event: 2165.353 Thread 0x00000261fb1a7470 Unloading class 0x000000010079e000 'jdk/internal/reflect/GeneratedMethodAccessor23'
Event: 2165.353 Thread 0x00000261fb1a7470 Unloading class 0x0000000100771c00 'jdk/internal/reflect/GeneratedConstructorAccessor50'
Event: 2165.353 Thread 0x00000261fb1a7470 Unloading class 0x0000000100748c00 'jdk/internal/reflect/GeneratedSerializationConstructorAccessor4'
Event: 2165.353 Thread 0x00000261fb1a7470 Unloading class 0x000000010032d400 'jdk/internal/reflect/GeneratedSerializationConstructorAccessor3'
Event: 2165.353 Thread 0x00000261fb1a7470 Unloading class 0x000000010032d000 'jdk/internal/reflect/GeneratedSerializationConstructorAccessor2'
Event: 2165.353 Thread 0x00000261fb1a7470 Unloading class 0x000000010032cc00 'jdk/internal/reflect/GeneratedSerializationConstructorAccessor1'
Event: 2190.792 Thread 0x00000261fb1a7470 Unloading class 0x00000001007b4000 'jdk/internal/reflect/GeneratedConstructorAccessor55'
Event: 2444.819 Thread 0x00000261fb1a7470 Unloading class 0x00000001007b5c00 'jdk/internal/reflect/GeneratedConstructorAccessor61'
Event: 2444.819 Thread 0x00000261fb1a7470 Unloading class 0x00000001007b5800 'jdk/internal/reflect/GeneratedConstructorAccessor60'
Event: 2444.819 Thread 0x00000261fb1a7470 Unloading class 0x00000001007b5400 'jdk/internal/reflect/GeneratedConstructorAccessor59'
Event: 2444.819 Thread 0x00000261fb1a7470 Unloading class 0x00000001007b5000 'jdk/internal/reflect/GeneratedConstructorAccessor58'
Event: 3251.360 Thread 0x00000261fb1a7470 Unloading class 0x0000000100778000 'jdk/internal/reflect/GeneratedConstructorAccessor51'
Event: 3350.978 Thread 0x00000261fb1a7470 Unloading class 0x000000010075c000 'jdk/internal/reflect/GeneratedConstructorAccessor43'
Event: 3412.154 Thread 0x00000261fb1a7470 Unloading class 0x0000000100778400 'jdk/internal/reflect/GeneratedConstructorAccessor52'

Classes redefined (0 events):
No events

Internal exceptions (20 events):
Event: 3351.425 Thread 0x0000026190ec6530 Exception <a 'java/lang/ClassNotFoundException'{0x00000000eabf9708}: sun/net/www/protocol/jdt/Handler> (0x00000000eabf9708) 
thrown [e:\jenkins\tmp\workspace\build\src\src\hotspot\share\classfile\systemDictionary.cpp, line 256]
Event: 3378.128 Thread 0x00000261feae7a00 Exception <a 'sun/nio/fs/WindowsException'{0x00000000eac18f68}> (0x00000000eac18f68) 
thrown [e:\jenkins\tmp\workspace\build\src\src\hotspot\share\prims\jni.cpp, line 516]
Event: 3378.421 Thread 0x00000261feae7a00 Exception <a 'sun/nio/fs/WindowsException'{0x00000000eab0d148}> (0x00000000eab0d148) 
thrown [e:\jenkins\tmp\workspace\build\src\src\hotspot\share\prims\jni.cpp, line 516]
Event: 3382.701 Thread 0x00000261feae7a00 Exception <a 'sun/nio/fs/WindowsException'{0x00000000eac77db8}> (0x00000000eac77db8) 
thrown [e:\jenkins\tmp\workspace\build\src\src\hotspot\share\prims\jni.cpp, line 516]
Event: 3382.909 Thread 0x00000261feae7a00 Exception <a 'sun/nio/fs/WindowsException'{0x00000000eadf2a90}> (0x00000000eadf2a90) 
thrown [e:\jenkins\tmp\workspace\build\src\src\hotspot\share\prims\jni.cpp, line 516]
Event: 3429.852 Thread 0x00000261951d6270 Exception <a 'java/lang/NoSuchMethodError'{0x00000000eac55808}: 'int java.lang.invoke.DirectMethodHandle$Holder.invokeSpecial(java.lang.Object, java.lang.Object, int)'> (0x00000000eac55808) 
thrown [e:\jenkins\tmp\workspace\build\src\src\hotspot\share\interpreter\linkResolver.cpp, line 766]
Event: 3430.417 Thread 0x00000261951d6270 Exception <a 'java/lang/ClassNotFoundException'{0x00000000eae5beb8}: sun/net/www/protocol/jdt/Handler> (0x00000000eae5beb8) 
thrown [e:\jenkins\tmp\workspace\build\src\src\hotspot\share\classfile\systemDictionary.cpp, line 256]
Event: 3430.418 Thread 0x00000261951d6270 Exception <a 'java/lang/ClassNotFoundException'{0x00000000eae5e418}: sun/net/www/protocol/jdt/Handler> (0x00000000eae5e418) 
thrown [e:\jenkins\tmp\workspace\build\src\src\hotspot\share\classfile\systemDictionary.cpp, line 256]
Event: 3430.418 Thread 0x00000261951d6270 Exception <a 'java/lang/ClassNotFoundException'{0x00000000eae603a0}: sun/net/www/protocol/jdt/Handler> (0x00000000eae603a0) 
thrown [e:\jenkins\tmp\workspace\build\src\src\hotspot\share\classfile\systemDictionary.cpp, line 256]
Event: 3430.418 Thread 0x00000261951d6270 Exception <a 'java/lang/ClassNotFoundException'{0x00000000eae62f90}: sun/net/www/protocol/jdt/Handler> (0x00000000eae62f90) 
thrown [e:\jenkins\tmp\workspace\build\src\src\hotspot\share\classfile\systemDictionary.cpp, line 256]
Event: 3430.418 Thread 0x00000261951d6270 Exception <a 'java/lang/ClassNotFoundException'{0x00000000eae650b0}: sun/net/www/protocol/jdt/Handler> (0x00000000eae650b0) 
thrown [e:\jenkins\tmp\workspace\build\src\src\hotspot\share\classfile\systemDictionary.cpp, line 256]
Event: 3430.418 Thread 0x00000261951d6270 Exception <a 'java/lang/ClassNotFoundException'{0x00000000eae680f0}: sun/net/www/protocol/jdt/Handler> (0x00000000eae680f0) 
thrown [e:\jenkins\tmp\workspace\build\src\src\hotspot\share\classfile\systemDictionary.cpp, line 256]
Event: 3430.418 Thread 0x00000261951d6270 Exception <a 'java/lang/ClassNotFoundException'{0x00000000eae6ad08}: sun/net/www/protocol/jdt/Handler> (0x00000000eae6ad08) 
thrown [e:\jenkins\tmp\workspace\build\src\src\hotspot\share\classfile\systemDictionary.cpp, line 256]
Event: 3430.419 Thread 0x00000261951d6270 Exception <a 'java/lang/ClassNotFoundException'{0x00000000eae6cc70}: sun/net/www/protocol/jdt/Handler> (0x00000000eae6cc70) 
thrown [e:\jenkins\tmp\workspace\build\src\src\hotspot\share\classfile\systemDictionary.cpp, line 256]
Event: 3430.419 Thread 0x00000261951d6270 Exception <a 'java/lang/ClassNotFoundException'{0x00000000eae6f070}: sun/net/www/protocol/jdt/Handler> (0x00000000eae6f070) 
thrown [e:\jenkins\tmp\workspace\build\src\src\hotspot\share\classfile\systemDictionary.cpp, line 256]
Event: 3430.419 Thread 0x00000261951d6270 Exception <a 'java/lang/ClassNotFoundException'{0x00000000eae70ff8}: sun/net/www/protocol/jdt/Handler> (0x00000000eae70ff8) 
thrown [e:\jenkins\tmp\workspace\build\src\src\hotspot\share\classfile\systemDictionary.cpp, line 256]
Event: 3430.419 Thread 0x00000261951d6270 Exception <a 'java/lang/ClassNotFoundException'{0x00000000eae75028}: sun/net/www/protocol/jdt/Handler> (0x00000000eae75028) 
thrown [e:\jenkins\tmp\workspace\build\src\src\hotspot\share\classfile\systemDictionary.cpp, line 256]
Event: 3431.791 Thread 0x0000026190ec26a0 Implicit null exception at 0x0000026188b983c0 to 0x0000026188b994d4
Event: 3431.850 Thread 0x0000026190ec26a0 Implicit null exception at 0x0000026188caf1cc to 0x0000026188caf40c
Event: 3447.110 Thread 0x0000026190ec6a00 Implicit null exception at 0x0000026187e1ced4 to 0x0000026187e1d933

VM Operations (20 events):
Event: 3444.425 Executing VM operation: ParallelGCFailedAllocation done
Event: 3444.444 Executing VM operation: ParallelGCFailedAllocation
Event: 3444.447 Executing VM operation: ParallelGCFailedAllocation done
Event: 3446.013 Executing VM operation: ParallelGCFailedAllocation
Event: 3446.015 Executing VM operation: ParallelGCFailedAllocation done
Event: 3446.681 Executing VM operation: ParallelGCFailedAllocation
Event: 3446.683 Executing VM operation: ParallelGCFailedAllocation done
Event: 3446.754 Executing VM operation: ParallelGCFailedAllocation
Event: 3446.756 Executing VM operation: ParallelGCFailedAllocation done
Event: 3447.111 Executing VM operation: ParallelGCFailedAllocation
Event: 3447.114 Executing VM operation: ParallelGCFailedAllocation done
Event: 3447.174 Executing VM operation: ParallelGCFailedAllocation
Event: 3447.176 Executing VM operation: ParallelGCFailedAllocation done
Event: 3447.223 Executing VM operation: ParallelGCFailedAllocation
Event: 3447.226 Executing VM operation: ParallelGCFailedAllocation done
Event: 3447.233 Executing VM operation: ParallelGCFailedAllocation
Event: 3447.236 Executing VM operation: ParallelGCFailedAllocation done
Event: 3447.244 Executing VM operation: ParallelGCFailedAllocation
Event: 3447.248 Executing VM operation: ParallelGCFailedAllocation done
Event: 3447.257 Executing VM operation: ParallelGCFailedAllocation

Events (20 events):
Event: 3441.082 loading class sun/security/ssl/SSLEngineOutputRecord$HandshakeMemo done
Event: 3441.175 loading class sun/security/ssl/PreSharedKeyExtension$SHPreSharedKeySpec
Event: 3441.175 loading class sun/security/ssl/PreSharedKeyExtension$SHPreSharedKeySpec done
Event: 3441.183 Thread 0x00000261951d7a80 Thread added: 0x00000261951d7a80
Event: 3441.202 Thread 0x00000261951d7a80 Thread exited: 0x00000261951d7a80
Event: 3441.467 loading class sun/net/www/protocol/http/HttpURLConnection$10
Event: 3441.467 loading class sun/net/www/protocol/http/HttpURLConnection$10 done
Event: 3441.574 Thread 0x00000261951d40c0 Thread added: 0x00000261951d40c0
Event: 3441.575 Thread 0x00000261951d40c0 Thread exited: 0x00000261951d40c0
Event: 3441.642 loading class sun/net/www/http/KeepAliveCleanerEntry
Event: 3441.642 loading class sun/net/www/http/KeepAliveCleanerEntry done
Event: 3441.642 loading class sun/net/www/http/KeepAliveStream$1
Event: 3441.642 loading class sun/net/www/http/KeepAliveStream$1 done
Event: 3441.643 Thread 0x00000261951d6c10 Thread added: 0x00000261951d6c10
Event: 3441.643 Thread 0x00000261951d3250 Thread exited: 0x00000261951d3250
Event: 3441.643 loading class sun/net/www/http/ChunkedInputStream
Event: 3441.643 loading class sun/net/www/http/ChunkedInputStream done
Event: 3441.673 Thread 0x00000261951d5400 Thread added: 0x00000261951d5400
Event: 3446.675 Thread 0x00000261951d6c10 Thread exited: 0x00000261951d6c10
Event: 3446.676 Thread 0x00000261951d5400 Thread exited: 0x00000261951d5400


Dynamic libraries:
0x00007ff7f5800000 - 0x00007ff7f580e000 	c:\Users\lucas\.vscode\extensions\redhat.java-1.6.0-win32-x64\jre\17.0.2-win32-x86_64\bin\java.exe
0x00007fffaeb90000 - 0x00007fffaed85000 	C:\Windows\SYSTEM32\ntdll.dll
0x00007fffacc90000 - 0x00007fffacd4e000 	C:\Windows\System32\KERNEL32.DLL
0x00007fffac2b0000 - 0x00007fffac578000 	C:\Windows\System32\KERNELBASE.dll
0x00007fffac860000 - 0x00007fffac960000 	C:\Windows\System32\ucrtbase.dll
0x00007fff963b0000 - 0x00007fff963c8000 	c:\Users\lucas\.vscode\extensions\redhat.java-1.6.0-win32-x64\jre\17.0.2-win32-x86_64\bin\jli.dll
0x00007fffada00000 - 0x00007fffadba0000 	C:\Windows\System32\USER32.dll
0x00007fffac690000 - 0x00007fffac6b2000 	C:\Windows\System32\win32u.dll
0x00007fffadd50000 - 0x00007fffadd7a000 	C:\Windows\System32\GDI32.dll
0x00007fffac580000 - 0x00007fffac68b000 	C:\Windows\System32\gdi32full.dll
0x00007fffac9f0000 - 0x00007fffaca8d000 	C:\Windows\System32\msvcp_win.dll
0x00007fff8bec0000 - 0x00007fff8bed9000 	c:\Users\lucas\.vscode\extensions\redhat.java-1.6.0-win32-x64\jre\17.0.2-win32-x86_64\bin\VCRUNTIME140.dll
0x00007fff9b2f0000 - 0x00007fff9b58a000 	C:\Windows\WinSxS\amd64_microsoft.windows.common-controls_6595b64144ccf1df_6.0.19041.1110_none_60b5254171f9507e\COMCTL32.dll
0x00007fffacbf0000 - 0x00007fffacc8e000 	C:\Windows\System32\msvcrt.dll
0x00007fffae090000 - 0x00007fffae0c0000 	C:\Windows\System32\IMM32.DLL
0x00007fffa5060000 - 0x00007fffa506c000 	c:\Users\lucas\.vscode\extensions\redhat.java-1.6.0-win32-x64\jre\17.0.2-win32-x86_64\bin\vcruntime140_1.dll
0x00007fff5cd90000 - 0x00007fff5ce21000 	c:\Users\lucas\.vscode\extensions\redhat.java-1.6.0-win32-x64\jre\17.0.2-win32-x86_64\bin\msvcp140.dll
0x00007fff4b880000 - 0x00007fff4c4c7000 	c:\Users\lucas\.vscode\extensions\redhat.java-1.6.0-win32-x64\jre\17.0.2-win32-x86_64\bin\server\jvm.dll
0x00007fffacec0000 - 0x00007fffacf6e000 	C:\Windows\System32\ADVAPI32.dll
0x00007fffad520000 - 0x00007fffad5bc000 	C:\Windows\System32\sechost.dll
0x00007fffade50000 - 0x00007fffadf75000 	C:\Windows\System32\RPCRT4.dll
0x00007fffad5c0000 - 0x00007fffad5c8000 	C:\Windows\System32\PSAPI.DLL
0x00007fff9d7e0000 - 0x00007fff9d7e9000 	C:\Windows\SYSTEM32\WSOCK32.dll
0x00007fffae930000 - 0x00007fffae99b000 	C:\Windows\System32\WS2_32.dll
0x00007fff9a030000 - 0x00007fff9a057000 	C:\Windows\SYSTEM32\WINMM.dll
0x00007fff9e150000 - 0x00007fff9e15a000 	C:\Windows\SYSTEM32\VERSION.dll
0x00007fffaa1d0000 - 0x00007fffaa1e2000 	C:\Windows\SYSTEM32\kernel.appcore.dll
0x00007fffa4d40000 - 0x00007fffa4d4a000 	c:\Users\lucas\.vscode\extensions\redhat.java-1.6.0-win32-x64\jre\17.0.2-win32-x86_64\bin\jimage.dll
0x00007fff9c640000 - 0x00007fff9c824000 	C:\Windows\SYSTEM32\DBGHELP.DLL
0x00007fff9c510000 - 0x00007fff9c53c000 	C:\Windows\SYSTEM32\dbgcore.DLL
0x00007fffac960000 - 0x00007fffac9e2000 	C:\Windows\System32\bcryptPrimitives.dll
0x00007fff80c50000 - 0x00007fff80c75000 	c:\Users\lucas\.vscode\extensions\redhat.java-1.6.0-win32-x64\jre\17.0.2-win32-x86_64\bin\java.dll
0x00007fff83780000 - 0x00007fff83798000 	c:\Users\lucas\.vscode\extensions\redhat.java-1.6.0-win32-x64\jre\17.0.2-win32-x86_64\bin\zip.dll
0x00007fffae1e0000 - 0x00007fffae924000 	C:\Windows\System32\SHELL32.dll
0x00007fffaa3d0000 - 0x00007fffaab64000 	C:\Windows\SYSTEM32\windows.storage.dll
0x00007fffad5f0000 - 0x00007fffad944000 	C:\Windows\System32\combase.dll
0x00007fffabc50000 - 0x00007fffabc7c000 	C:\Windows\SYSTEM32\Wldp.dll
0x00007fffad950000 - 0x00007fffad9fd000 	C:\Windows\System32\SHCORE.dll
0x00007fffae030000 - 0x00007fffae085000 	C:\Windows\System32\shlwapi.dll
0x00007fffac1f0000 - 0x00007fffac20f000 	C:\Windows\SYSTEM32\profapi.dll
0x00007fff80560000 - 0x00007fff80579000 	C:\Users\lucas\.vscode\extensions\redhat.java-1.6.0-win32-x64\jre\17.0.2-win32-x86_64\bin\net.dll
0x00007fff9e270000 - 0x00007fff9e37a000 	C:\Windows\SYSTEM32\WINHTTP.dll
0x00007fffab9b0000 - 0x00007fffaba1a000 	C:\Windows\system32\mswsock.dll
0x00007fff7f4d0000 - 0x00007fff7f4e5000 	C:\Users\lucas\.vscode\extensions\redhat.java-1.6.0-win32-x64\jre\17.0.2-win32-x86_64\bin\nio.dll
0x00007fffabba0000 - 0x00007fffabbb8000 	C:\Windows\SYSTEM32\CRYPTSP.dll
0x00007fffab330000 - 0x00007fffab364000 	C:\Windows\system32\rsaenh.dll
0x00007fffac730000 - 0x00007fffac757000 	C:\Windows\System32\bcrypt.dll
0x00007fffac1b0000 - 0x00007fffac1de000 	C:\Windows\SYSTEM32\USERENV.dll
0x00007fffabbc0000 - 0x00007fffabbcc000 	C:\Windows\SYSTEM32\CRYPTBASE.dll
0x00007fffab6a0000 - 0x00007fffab6db000 	C:\Windows\SYSTEM32\IPHLPAPI.DLL
0x00007fffad5d0000 - 0x00007fffad5d8000 	C:\Windows\System32\NSI.dll
0x00007fff9e610000 - 0x00007fff9e627000 	C:\Windows\SYSTEM32\dhcpcsvc6.DLL
0x00007fffa3460000 - 0x00007fffa347d000 	C:\Windows\SYSTEM32\dhcpcsvc.DLL
0x00007fffab6e0000 - 0x00007fffab7ab000 	C:\Windows\SYSTEM32\DNSAPI.dll
0x00007fff6b900000 - 0x00007fff6b93e000 	C:\Users\lucas\AppData\Roaming\Code\User\globalStorage\redhat.java\1.6.0\config_win\org.eclipse.equinox.launcher\org.eclipse.equinox.launcher.win32.win32.x86_64_1.2.400.v20211117-0650\eclipse_11602.dll
0x00007fffae9a0000 - 0x00007fffaeaca000 	C:\Windows\System32\ole32.dll
0x00007fff9beb0000 - 0x00007fff9bec0000 	c:\Users\lucas\.vscode\extensions\redhat.java-1.6.0-win32-x64\jre\17.0.2-win32-x86_64\bin\verify.dll
0x00007fff5cd40000 - 0x00007fff5cd84000 	C:\Users\lucas\AppData\Local\Temp\jna-103324076\jna17470345462313207519.dll
0x00007fff9be60000 - 0x00007fff9be6e000 	C:\Users\lucas\.vscode\extensions\redhat.java-1.6.0-win32-x64\jre\17.0.2-win32-x86_64\bin\sunmscapi.dll
0x00007fffaca90000 - 0x00007fffacbe6000 	C:\Windows\System32\CRYPT32.dll
0x00007fffabcc0000 - 0x00007fffabce7000 	C:\Windows\SYSTEM32\ncrypt.dll
0x00007fffabc80000 - 0x00007fffabcbb000 	C:\Windows\SYSTEM32\NTASN1.dll
0x00007fff98d20000 - 0x00007fff98d2a000 	C:\Windows\System32\rasadhlp.dll
0x00007fff98e90000 - 0x00007fff98f0f000 	C:\Windows\System32\fwpuclnt.dll

dbghelp: loaded successfully - version: 4.0.5 - missing functions: none
symbol engine: initialized successfully - sym options: 0x614 - pdb path: .;c:\Users\lucas\.vscode\extensions\redhat.java-1.6.0-win32-x64\jre\17.0.2-win32-x86_64\bin;C:\Windows\SYSTEM32;C:\Windows\WinSxS\amd64_microsoft.windows.common-controls_6595b64144ccf1df_6.0.19041.1110_none_60b5254171f9507e;c:\Users\lucas\.vscode\extensions\redhat.java-1.6.0-win32-x64\jre\17.0.2-win32-x86_64\bin\server;C:\Users\lucas\AppData\Roaming\Code\User\globalStorage\redhat.java\1.6.0\config_win\org.eclipse.equinox.launcher\org.eclipse.equinox.launcher.win32.win32.x86_64_1.2.400.v20211117-0650;C:\Users\lucas\AppData\Local\Temp\jna-103324076

VM Arguments:
jvm_args: --add-modules=ALL-SYSTEM --add-opens=java.base/java.util=ALL-UNNAMED --add-opens=java.base/java.lang=ALL-UNNAMED --add-opens=java.base/sun.nio.fs=ALL-UNNAMED -Declipse.application=org.eclipse.jdt.ls.core.id1 -Dosgi.bundles.defaultStartLevel=4 -Declipse.product=org.eclipse.jdt.ls.core.product -Djava.import.generatesMetadataFilesAtProjectRoot=false -Dfile.encoding=utf8 -DwatchParentProcess=false -XX:+UseParallelGC -XX:GCTimeRatio=4 -XX:AdaptiveSizePolicyWeight=90 -Dsun.zip.disableMemoryMapping=true -Xmx1G -Xms100m -XX:+HeapDumpOnOutOfMemoryError -XX:HeapDumpPath=c:\Users\lucas\AppData\Roaming\Code\User\workspaceStorage\d9a5b0b9e6be951c625488e736ce42ee\redhat.java 
java_command: c:\Users\lucas\.vscode\extensions\redhat.java-1.6.0-win32-x64\server\plugins\org.eclipse.equinox.launcher_1.6.400.v20210924-0641.jar -configuration c:\Users\lucas\AppData\Roaming\Code\User\globalStorage\redhat.java\1.6.0\config_win -data c:\Users\lucas\AppData\Roaming\Code\User\workspaceStorage\d9a5b0b9e6be951c625488e736ce42ee\redhat.java\jdt_ws
java_class_path (initial): c:\Users\lucas\.vscode\extensions\redhat.java-1.6.0-win32-x64\server\plugins\org.eclipse.equinox.launcher_1.6.400.v20210924-0641.jar
Launcher Type: SUN_STANDARD

[Global flags]
    uintx AdaptiveSizePolicyWeight                 = 90                                        {product} {command line}
     intx CICompilerCount                          = 3                                         {product} {ergonomic}
    uintx GCTimeRatio                              = 4                                         {product} {command line}
     bool HeapDumpOnOutOfMemoryError               = true                                   {manageable} {command line}
    ccstr HeapDumpPath                             = c:\Users\lucas\AppData\Roaming\Code\User\workspaceStorage\d9a5b0b9e6be951c625488e736ce42ee\redhat.java         {manageable} {command line}
   size_t InitialHeapSize                          = 104857600                                 {product} {command line}
   size_t MaxHeapSize                              = 1073741824                                {product} {command line}
   size_t MaxNewSize                               = 357564416                                 {product} {ergonomic}
   size_t MinHeapDeltaBytes                        = 524288                                    {product} {ergonomic}
   size_t MinHeapSize                              = 104857600                                 {product} {command line}
   size_t NewSize                                  = 34603008                                  {product} {ergonomic}
    uintx NonNMethodCodeHeapSize                   = 5832780                                {pd product} {ergonomic}
    uintx NonProfiledCodeHeapSize                  = 122912730                              {pd product} {ergonomic}
   size_t OldSize                                  = 70254592                                  {product} {ergonomic}
    uintx ProfiledCodeHeapSize                     = 122912730                              {pd product} {ergonomic}
    uintx ReservedCodeCacheSize                    = 251658240                              {pd product} {ergonomic}
     bool SegmentedCodeCache                       = true                                      {product} {ergonomic}
   size_t SoftMaxHeapSize                          = 1073741824                             {manageable} {ergonomic}
     bool UseCompressedClassPointers               = true                           {product lp64_product} {ergonomic}
     bool UseCompressedOops                        = true                           {product lp64_product} {ergonomic}
     bool UseLargePagesIndividualAllocation        = false                                  {pd product} {ergonomic}
     bool UseParallelGC                            = true                                      {product} {command line}

Logging:
Log output configuration:
 #0: stdout all=warning uptime,level,tags
 #1: stderr all=off uptime,level,tags

Environment Variables:
PATH=C:\Program Files\Common Files\Oracle\Java\javapath;C:\Program Files\Microsoft MPI\Bin\;C:\Windows\system32;C:\Windows;C:\Windows\System32\Wbem;C:\Windows\System32\WindowsPowerShell\v1.0\;C:\Windows\System32\OpenSSH\;C:\Program Files\nodejs\;C:\Program Files\Git\cmd;C:\Program Files\Java\jdk-17.0.3\bin;C:\Users\lucas\AppData\Local\Microsoft\WindowsApps;C:\Users\lucas\AppData\Local\Programs\Microsoft VS Code\bin;C:\Users\lucas\AppData\Roaming\npm;C:\Program Files (x86)\MinGW\bin
USERNAME=lucas
OS=Windows_NT
PROCESSOR_IDENTIFIER=Intel64 Family 6 Model 78 Stepping 3, GenuineIntel



---------------  S Y S T E M  ---------------

OS:
 Windows 10 , 64 bit Build 19041 (10.0.19041.1645)
OS uptime: 7 days 1:18 hours

CPU: total 4 (initial active 4) (2 cores per cpu, 2 threads per core) family 6 model 78 stepping 3 microcode 0xcc, cx8, cmov, fxsr, ht, mmx, 3dnowpref, sse, sse2, sse3, ssse3, sse4.1, sse4.2, popcnt, lzcnt, tsc, tscinvbit, avx, avx2, aes, erms, clmul, bmi1, bmi2, adx, fma, vzeroupper, clflush, clflushopt

Memory: 4k page, system-wide physical 12166M (6404M free)
TotalPageFile size 14022M (AvailPageFile size 7236M)
current process WorkingSet (physical memory assigned to process): 432M, peak: 446M
current process commit charge ("private bytes"): 442M, peak: 456M

vm_info: OpenJDK 64-Bit Server VM (17.0.2+8) for windows-amd64 JRE (17.0.2+8), built on Jan 20 2022 04:52:34 by "" with MS VC++ 16.7 (VS2019)

END.
